 
****************************************
  Report : Chip Summary
  Design : MotionEstimator
  Version: O-2018.06-SP4
  Date   : Sun Dec 20 17:26:41 2020
****************************************
Std cell utilization: 75.67%  (30360/(40122-0))
(Non-fixed + Fixed)
Std cell utilization: 75.67%  (30360/(40122-0))
(Non-fixed only)
Chip area:            40122    sites, bbox (5.00 5.00 117.94 115.81) um
Std cell area:        30360    sites, (non-fixed:30360  fixed:0)
                      2532     cells, (non-fixed:2532   fixed:0)
Macro cell area:      0        sites
                      0        cells
Placement blockages:  0        sites, (excluding fixed std cells)
                      0        sites, (include fixed std cells & chimney area)
                      0        sites, (complete p/g net blockages)
Routing blockages:    0        sites, (partial p/g net blockages)
                      0        sites, (routing blockages and signal pre-route)
Lib cell count:       59 
Avg. std cell width:  1.94 um 
Site array:           unit     (width: 0.152 um, height: 1.672 um, rows: 54)
Physical DB scale:    1000 db_unit = 1 um 

 
****************************************
  Report : pnet options
  Design : MotionEstimator
  Version: O-2018.06-SP4
  Date   : Sun Dec 20 17:26:41 2020
****************************************


--------------------------------------------------------------------
Layer      Blockage   Min_width   Min_height   Via_additive     Density
--------------------------------------------------------------------
M1         none          ---         ---       via additive      ---
M2         none          ---         ---       via additive      ---
M3         none          ---         ---       via additive      ---
M4         none          ---         ---       via additive      ---
M5         none          ---         ---       via additive      ---
M6         none          ---         ---       via additive      ---
M7         none          ---         ---       via additive      ---
M8         none          ---         ---       via additive      ---
M9         none          ---         ---       via additive      ---
MRDL       none          ---         ---       via additive      ---

**********************************
      Sub-Region Utilization      
**********************************
Number of regions with placement utilization 0 - 0.125 is 1 (0.55%)
Number of regions with placement utilization 0.125 - 0.25 is 4 (2.20%)
Number of regions with placement utilization 0.25 - 0.375 is 1 (0.55%)
Number of regions with placement utilization 0.375 - 0.5 is 2 (1.10%)
Number of regions with placement utilization 0.5 - 0.625 is 8 (4.40%)
Number of regions with placement utilization 0.625 - 0.75 is 76 (41.76%)
Number of regions with placement utilization 0.75 - 0.875 is 72 (39.56%)
Number of regions with placement utilization 0.875 - 1 is 18 (9.89%)
1
