 
****************************************
Report : timing
        -path full
        -delay max
        -max_paths 1
        -sort_by group
Design : MotionEstimator
Version: O-2018.06-SP4
Date   : Sun Dec 20 16:51:35 2020
****************************************

Operating Conditions: ss0p75v125c   Library: saed32hvt_ss0p75v125c
Wire Load Model Mode: enclosed

  Startpoint: ctl_u/count_reg[2]
              (rising edge-triggered flip-flop clocked by ideal_clock1)
  Endpoint: pe_u/pe5/Accumulate_reg[1]
            (rising edge-triggered flip-flop clocked by ideal_clock1)
  Path Group: ideal_clock1
  Path Type: max

  Des/Clust/Port     Wire Load Model       Library
  ------------------------------------------------
  MotionEstimator    16000                 saed32hvt_ss0p75v125c
  control            8000                  saed32hvt_ss0p75v125c
  PE_9               8000                  saed32hvt_ss0p75v125c
  PE_9_DW01_add_0    ForQA                 saed32hvt_ss0p75v125c

  Point                                                   Incr       Path
  --------------------------------------------------------------------------
  clock ideal_clock1 (rise edge)                          0.00       0.00
  clock network delay (ideal)                             0.00       0.00
  ctl_u/count_reg[2]/CLK (DFFX2_LVT)                      0.00       0.00 r
  ctl_u/count_reg[2]/Q (DFFX2_LVT)                        0.22       0.22 r
  ctl_u/U49/Y (INVX0_LVT)                                 0.09       0.31 f
  ctl_u/U54/Y (INVX0_LVT)                                 0.10       0.40 r
  ctl_u/U44/Y (AO21X1_LVT)                                0.16       0.56 r
  ctl_u/U95/Y (AO21X1_LVT)                                0.20       0.76 r
  ctl_u/S1S2mux[5] (control)                              0.00       0.76 r
  pe_u/S1S2mux[5] (PEtotal)                               0.00       0.76 r
  pe_u/pe5/S1S2mux (PE_9)                                 0.00       0.76 r
  pe_u/pe5/U38/Y (NBUFFX2_LVT)                            0.12       0.88 r
  pe_u/pe5/U80/Y (NBUFFX2_LVT)                            0.12       1.00 r
  pe_u/pe5/U3/Y (MUX21X2_LVT)                             0.22       1.22 f
  pe_u/pe5/U69/Y (INVX0_LVT)                              0.11       1.33 r
  pe_u/pe5/U93/Y (OA21X1_LVT)                             0.14       1.47 r
  pe_u/pe5/U94/Y (AO22X1_LVT)                             0.10       1.56 r
  pe_u/pe5/U63/Y (NAND2X0_LVT)                            0.06       1.63 f
  pe_u/pe5/U37/Y (NAND2X0_LVT)                            0.06       1.68 r
  pe_u/pe5/U65/Y (AND3X1_LVT)                             0.09       1.77 r
  pe_u/pe5/U12/Y (OR3X1_LVT)                              0.09       1.87 r
  pe_u/pe5/U95/Y (OA221X1_LVT)                            0.11       1.97 r
  pe_u/pe5/U51/Y (AO21X1_LVT)                             0.12       2.10 r
  pe_u/pe5/U40/Y (AO22X1_LVT)                             0.14       2.24 r
  pe_u/pe5/U5/Y (MUX21X1_LVT)                             0.14       2.38 r
  pe_u/pe5/add_85/B[0] (PE_9_DW01_add_0)                  0.00       2.38 r
  pe_u/pe5/add_85/U3/Y (AND2X1_LVT)                       0.19       2.57 r
  pe_u/pe5/add_85/U1_1/CO (FADDX1_LVT)                    0.16       2.73 r
  pe_u/pe5/add_85/U1_2/CO (FADDX1_LVT)                    0.16       2.89 r
  pe_u/pe5/add_85/U1_3/CO (FADDX1_LVT)                    0.16       3.06 r
  pe_u/pe5/add_85/U1_4/CO (FADDX1_LVT)                    0.16       3.22 r
  pe_u/pe5/add_85/U1_5/CO (FADDX1_LVT)                    0.16       3.38 r
  pe_u/pe5/add_85/U1_6/CO (FADDX1_LVT)                    0.16       3.55 r
  pe_u/pe5/add_85/U1_7/CO (FADDX1_LVT)                    0.16       3.71 r
  pe_u/pe5/add_85/SUM[8] (PE_9_DW01_add_0)                0.00       3.71 r
  pe_u/pe5/U70/Y (NAND2X0_LVT)                            0.13       3.84 f
  pe_u/pe5/U82/Y (INVX0_LVT)                              0.11       3.95 r
  pe_u/pe5/U61/Y (OR2X2_LVT)                              0.14       4.09 r
  pe_u/pe5/Accumulate_reg[1]/D (DFFX1_LVT)                0.01       4.10 r
  data arrival time                                                  4.10

  clock ideal_clock1 (rise edge)                          3.85       3.85
  clock network delay (ideal)                             0.00       3.85
  pe_u/pe5/Accumulate_reg[1]/CLK (DFFX1_LVT)              0.00       3.85 r
  library setup time                                     -0.08       3.77
  data required time                                                 3.77
  --------------------------------------------------------------------------
  data required time                                                 3.77
  data arrival time                                                 -4.10
  --------------------------------------------------------------------------
  slack (VIOLATED)                                                  -0.33


1
