****************************************
Report : timing
	-path_type full
	-delay_type max
	-input_pins
	-nets
	-max_paths 1
	-transition_time
	-capacitance
	-sort_by slack
Design : MotionEstimator
Version: L-2016.06-SP2
Date   : Sun Dec 20 17:25:20 2020
****************************************

Warning: There are 69 invalid end points for constrained paths. (UITE-416)

  Startpoint: ctl_u/count_reg[2]
               (rising edge-triggered flip-flop clocked by ideal_clock1)
  Endpoint: pe_u/pe3/Accumulate_reg[7]
               (rising edge-triggered flip-flop clocked by ideal_clock1)
  Path Group: ideal_clock1
  Path Type: max

  Point                       Fanout    Cap      Trans       Incr       Path
  -----------------------------------------------------------------------------
  clock ideal_clock1 (rise edge)                  0.00       0.00       0.00
  clock network delay (ideal)                                0.00       0.00
  ctl_u/count_reg[2]/CLK (DFFX2_LVT)              0.00       0.00       0.00 r
  ctl_u/count_reg[2]/Q (DFFX2_LVT)                0.02       0.07       0.07 f
  ctl_u/AddressS2[2]_snps_int_wire (net)
                                 2     1.13 
  ctl_u/U43/A (INVX0_LVT)                         0.02       0.00       0.07 f
  ctl_u/U43/Y (INVX0_LVT)                         0.02       0.01       0.08 r
  ctl_u/net12759 (net)           2     1.19 
  ctl_u/U71/A2 (AND2X1_LVT)                       0.02       0.00       0.08 r
  ctl_u/U71/Y (AND2X1_LVT)                        0.02       0.02       0.10 r
  ctl_u/n87 (net)                2     1.25 
  ctl_u/U111/A1 (NAND2X0_LVT)                     0.02       0.00       0.10 r
  ctl_u/U111/Y (NAND2X0_LVT)                      0.03       0.02       0.12 f
  ctl_u/S1S2mux[3] (net)         2     1.12 
  pe_u/pe3/U28/A (NBUFFX2_LVT)                    0.03       0.00       0.12 f
  pe_u/pe3/U28/Y (NBUFFX2_LVT)                    0.02       0.02       0.14 f
  pe_u/pe3/n5 (net)              2     1.12 
  pe_u/pe3/U25/A (NBUFFX2_LVT)                    0.02       0.00       0.14 f
  pe_u/pe3/U25/Y (NBUFFX2_LVT)                    0.01       0.02       0.16 f
  pe_u/pe3/n15 (net)             1     1.07 
  pe_u/pe3/U24/S0 (MUX21X1_LVT)                   0.01       0.00       0.16 f
  pe_u/pe3/U24/Y (MUX21X1_LVT)                    0.02       0.03       0.20 f
  pe_u/pe3/N11 (net)             2     1.13 
  pe_u/pe3/U76/A (INVX0_LVT)                      0.02       0.00       0.20 f
  pe_u/pe3/U76/Y (INVX0_LVT)                      0.02       0.01       0.21 r
  pe_u/pe3/n36 (net)             2     1.04 
  pe_u/pe3/U80/A2 (OA21X1_LVT)                    0.02       0.00       0.21 r
  pe_u/pe3/U80/Y (OA21X1_LVT)                     0.02       0.02       0.23 r
  pe_u/pe3/n35 (net)             1     0.52 
  pe_u/pe3/U81/A3 (AO22X1_LVT)                    0.02       0.00       0.23 r
  pe_u/pe3/U81/Y (AO22X1_LVT)                     0.02       0.03       0.26 r
  pe_u/pe3/n38 (net)             1     0.49 
  pe_u/pe3/U82/A3 (AO222X1_LVT)                   0.02       0.00       0.26 r
  pe_u/pe3/U82/Y (AO222X1_LVT)                    0.04       0.05       0.31 r
  pe_u/pe3/n40 (net)             1     0.45 
  pe_u/pe3/U51/A3 (AND3X1_LVT)                    0.04       0.00       0.31 r
  pe_u/pe3/U51/Y (AND3X1_LVT)                     0.02       0.02       0.33 r
  pe_u/pe3/n42 (net)             1     0.54 
  pe_u/pe3/U83/A5 (AO221X1_LVT)                   0.02       0.00       0.33 r
  pe_u/pe3/U83/Y (AO221X1_LVT)                    0.03       0.03       0.36 r
  pe_u/pe3/n44 (net)             1     0.50 
  pe_u/pe3/U84/A5 (OA221X1_LVT)                   0.03       0.00       0.36 r
  pe_u/pe3/U84/Y (OA221X1_LVT)                    0.02       0.03       0.39 r
  pe_u/pe3/n46 (net)             1     0.52 
  pe_u/pe3/U85/A3 (AO21X1_LVT)                    0.02       0.00       0.39 r
  pe_u/pe3/U85/Y (AO21X1_LVT)                     0.02       0.02       0.41 r
  pe_u/pe3/n50 (net)             2     1.05 
  pe_u/pe3/U48/A3 (AO22X1_LVT)                    0.02       0.00       0.41 r
  pe_u/pe3/U48/Y (AO22X1_LVT)                     0.03       0.03       0.44 r
  pe_u/pe3/n17 (net)             2     1.31 
  pe_u/pe3/U47/A (INVX1_LVT)                      0.03       0.00       0.44 r
  pe_u/pe3/U47/Y (INVX1_LVT)                      0.02       0.01       0.46 f
  pe_u/pe3/n23 (net)             2     2.26 
  pe_u/pe3/U56/S0 (MUX21X2_LVT)                   0.02       0.00       0.46 f
  pe_u/pe3/U56/Y (MUX21X2_LVT)                    0.03       0.03       0.49 r
  pe_u/pe3/difference[0] (net)
                                 3     1.40 
  pe_u/pe3/add_85/U3/A1 (AND2X1_LVT)              0.03       0.00       0.49 r
  pe_u/pe3/add_85/U3/Y (AND2X1_LVT)               0.02       0.02       0.51 r
  pe_u/pe3/add_85/carry[1] (net)
                                 1     1.61 
  pe_u/pe3/add_85/U1_1/CI (FADDX1_LVT)            0.02       0.00       0.51 r
  pe_u/pe3/add_85/U1_1/CO (FADDX1_LVT)            0.03       0.04       0.55 r
  pe_u/pe3/add_85/carry[2] (net)
                                 1     1.61 
  pe_u/pe3/add_85/U1_2/CI (FADDX1_LVT)            0.03       0.00       0.55 r
  pe_u/pe3/add_85/U1_2/CO (FADDX1_LVT)            0.03       0.04       0.59 r
  pe_u/pe3/add_85/carry[3] (net)
                                 1     1.61 
  pe_u/pe3/add_85/U1_3/CI (FADDX1_LVT)            0.03       0.00       0.59 r
  pe_u/pe3/add_85/U1_3/CO (FADDX1_LVT)            0.03       0.04       0.63 r
  pe_u/pe3/add_85/carry[4] (net)
                                 1     1.61 
  pe_u/pe3/add_85/U1_4/CI (FADDX1_LVT)            0.03       0.00       0.63 r
  pe_u/pe3/add_85/U1_4/CO (FADDX1_LVT)            0.03       0.04       0.68 r
  pe_u/pe3/add_85/carry[5] (net)
                                 1     1.61 
  pe_u/pe3/add_85/U1_5/CI (FADDX1_LVT)            0.03       0.00       0.68 r
  pe_u/pe3/add_85/U1_5/CO (FADDX1_LVT)            0.03       0.04       0.72 r
  pe_u/pe3/add_85/carry[6] (net)
                                 1     1.61 
  pe_u/pe3/add_85/U1_6/CI (FADDX1_LVT)            0.03       0.00       0.72 r
  pe_u/pe3/add_85/U1_6/CO (FADDX1_LVT)            0.03       0.04       0.76 r
  pe_u/pe3/add_85/carry[7] (net)
                                 1     1.61 
  pe_u/pe3/add_85/U1_7/CI (FADDX1_LVT)            0.03       0.00       0.76 r
  pe_u/pe3/add_85/U1_7/S (FADDX1_LVT)             0.02       0.06       0.81 f
  pe_u/pe3/add_85/SUM[7] (net)
                                 1     0.47 
  pe_u/pe3/U14/A2 (MUX21X1_LVT)                   0.02       0.00       0.81 f
  pe_u/pe3/U14/Y (MUX21X1_LVT)                    0.02       0.03       0.85 f
  pe_u/pe3/n54 (net)             1     0.57 
  pe_u/pe3/U60/A (INVX0_LVT)                      0.02       0.00       0.85 f
  pe_u/pe3/U60/Y (INVX0_LVT)                      0.02       0.01       0.86 r
  pe_u/pe3/n30 (net)             1     0.70 
  pe_u/pe3/U18/A1 (NAND2X0_LVT)                   0.02       0.00       0.86 r
  pe_u/pe3/U18/Y (NAND2X0_LVT)                    0.02       0.02       0.88 f
  pe_u/pe3/AccumulateIn[7] (net)
                                 1     0.54 
  pe_u/pe3/Accumulate_reg[7]/D (DFFX1_LVT)        0.02       0.00       0.88 f
  data arrival time                                                     0.88

  clock ideal_clock1 (rise edge)                  0.00       3.85       3.85
  clock network delay (ideal)                                0.00       3.85
  clock reconvergence pessimism                              0.00       3.85
  pe_u/pe3/Accumulate_reg[7]/CLK (DFFX1_LVT)                            3.85 r
  library setup time                                        -0.02       3.82
  data required time                                                    3.82
  -----------------------------------------------------------------------------
  data required time                                                    3.82
  data arrival time                                                    -0.88
  -----------------------------------------------------------------------------
  slack (MET)                                                           2.95


1
