****************************************
Report : timing
	-path_type full
	-delay_type max
	-max_paths 20
Design : top
Version: F-2011.06-SP3-4
Date   : Wed Mar 26 10:19:34 2014
****************************************

Warning: There are 559 invalid end points for constrained paths. (UITE-416)

  Startpoint: ctl_u/count_reg[3]
               (rising edge-triggered flip-flop clocked by ideal_clock1)
  Endpoint: ctl_u/count_reg[4]
               (rising edge-triggered flip-flop clocked by ideal_clock1)
  Path Group: ideal_clock1
  Path Type: max

  Point                                                   Incr       Path
  ------------------------------------------------------------------------------
  clock ideal_clock1 (rise edge)                          0.00       0.00
  clock network delay (ideal)                             0.00       0.00
  ctl_u/count_reg[3]/CLK (SDFFASX1_LVT)                   0.00       0.00 r
  ctl_u/count_reg[3]/Q (SDFFASX1_LVT)                     0.11       0.11 f
  ctl_u/count_reg[4]/SI (SDFFX1_LVT)                      0.00       0.11 f
  data arrival time                                                  0.11

  clock ideal_clock1 (rise edge)                          2.00       2.00
  clock network delay (ideal)                             0.00       2.00
  ctl_u/count_reg[4]/CLK (SDFFX1_LVT)                                2.00 r
  library setup time                                     -0.07       1.93
  data required time                                                 1.93
  ------------------------------------------------------------------------------
  data required time                                                 1.93
  data arrival time                                                 -0.11
  ------------------------------------------------------------------------------
  slack (MET)                                                        1.82


  Startpoint: ctl_u/count_reg[2]
               (rising edge-triggered flip-flop clocked by ideal_clock1)
  Endpoint: ctl_u/count_reg[3]
               (rising edge-triggered flip-flop clocked by ideal_clock1)
  Path Group: ideal_clock1
  Path Type: max

  Point                                                   Incr       Path
  ------------------------------------------------------------------------------
  clock ideal_clock1 (rise edge)                          0.00       0.00
  clock network delay (ideal)                             0.00       0.00
  ctl_u/count_reg[2]/CLK (SDFFX1_LVT)                     0.00       0.00 r
  ctl_u/count_reg[2]/Q (SDFFX1_LVT)                       0.08       0.08 f
  ctl_u/count_reg[3]/SI (SDFFASX1_LVT)                    0.00       0.08 f
  data arrival time                                                  0.08

  clock ideal_clock1 (rise edge)                          2.00       2.00
  clock network delay (ideal)                             0.00       2.00
  ctl_u/count_reg[3]/CLK (SDFFASX1_LVT)                              2.00 r
  library setup time                                     -0.06       1.94
  data required time                                                 1.94
  ------------------------------------------------------------------------------
  data required time                                                 1.94
  data arrival time                                                 -0.08
  ------------------------------------------------------------------------------
  slack (MET)                                                        1.86


  Startpoint: ctl_u/count_reg[1]
               (rising edge-triggered flip-flop clocked by ideal_clock1)
  Endpoint: ctl_u/count_reg[2]
               (rising edge-triggered flip-flop clocked by ideal_clock1)
  Path Group: ideal_clock1
  Path Type: max

  Point                                    Incr       Path
  ---------------------------------------------------------------
  clock ideal_clock1 (rise edge)           0.00       0.00
  clock network delay (ideal)              0.00       0.00
  ctl_u/count_reg[1]/CLK (SDFFX1_LVT)      0.00       0.00 r
  ctl_u/count_reg[1]/Q (SDFFX1_LVT)        0.08       0.08 f
  ctl_u/count_reg[2]/SI (SDFFX1_LVT)       0.00       0.08 f
  data arrival time                                   0.08

  clock ideal_clock1 (rise edge)           2.00       2.00
  clock network delay (ideal)              0.00       2.00
  ctl_u/count_reg[2]/CLK (SDFFX1_LVT)                 2.00 r
  library setup time                      -0.06       1.94
  data required time                                  1.94
  ---------------------------------------------------------------
  data required time                                  1.94
  data arrival time                                  -0.08
  ---------------------------------------------------------------
  slack (MET)                                         1.86


  Startpoint: ctl_u/count_reg[0]
               (rising edge-triggered flip-flop clocked by ideal_clock1)
  Endpoint: ctl_u/count_reg[1]
               (rising edge-triggered flip-flop clocked by ideal_clock1)
  Path Group: ideal_clock1
  Path Type: max

  Point                                    Incr       Path
  ---------------------------------------------------------------
  clock ideal_clock1 (rise edge)           0.00       0.00
  clock network delay (ideal)              0.00       0.00
  ctl_u/count_reg[0]/CLK (SDFFX1_LVT)      0.00       0.00 r
  ctl_u/count_reg[0]/Q (SDFFX1_LVT)        0.08       0.08 f
  ctl_u/count_reg[1]/SI (SDFFX1_LVT)       0.00       0.08 f
  data arrival time                                   0.08

  clock ideal_clock1 (rise edge)           2.00       2.00
  clock network delay (ideal)              0.00       2.00
  ctl_u/count_reg[1]/CLK (SDFFX1_LVT)                 2.00 r
  library setup time                      -0.06       1.94
  data required time                                  1.94
  ---------------------------------------------------------------
  data required time                                  1.94
  data arrival time                                  -0.08
  ---------------------------------------------------------------
  slack (MET)                                         1.86


  Startpoint: pe_u/pe1/Accumulate_reg[4]
               (rising edge-triggered flip-flop clocked by ideal_clock1)
  Endpoint: pe_u/pe1/Accumulate_reg[5]
               (rising edge-triggered flip-flop clocked by ideal_clock1)
  Path Group: ideal_clock1
  Path Type: max

  Point                                                   Incr       Path
  ------------------------------------------------------------------------------
  clock ideal_clock1 (rise edge)                          0.00       0.00
  clock network delay (ideal)                             0.00       0.00
  pe_u/pe1/Accumulate_reg[4]/CLK (SDFFX1_LVT)             0.00       0.00 r
  pe_u/pe1/Accumulate_reg[4]/Q (SDFFX1_LVT)               0.08       0.08 f
  pe_u/pe1/Accumulate_reg[5]/SI (SDFFX1_LVT)              0.00       0.08 f
  data arrival time                                                  0.08

  clock ideal_clock1 (rise edge)                          2.00       2.00
  clock network delay (ideal)                             0.00       2.00
  pe_u/pe1/Accumulate_reg[5]/CLK (SDFFX1_LVT)                        2.00 r
  library setup time                                     -0.06       1.94
  data required time                                                 1.94
  ------------------------------------------------------------------------------
  data required time                                                 1.94
  data arrival time                                                 -0.08
  ------------------------------------------------------------------------------
  slack (MET)                                                        1.86


  Startpoint: pe_u/pe6/Accumulate_reg[7]
               (rising edge-triggered flip-flop clocked by ideal_clock1)
  Endpoint: pe_u/pe6/Rpipe_reg[0]
               (rising edge-triggered flip-flop clocked by ideal_clock1)
  Path Group: ideal_clock1
  Path Type: max

  Point                                                   Incr       Path
  ------------------------------------------------------------------------------
  clock ideal_clock1 (rise edge)                          0.00       0.00
  clock network delay (ideal)                             0.00       0.00
  pe_u/pe6/Accumulate_reg[7]/CLK (SDFFX1_LVT)             0.00       0.00 r
  pe_u/pe6/Accumulate_reg[7]/Q (SDFFX1_LVT)               0.08       0.08 f
  pe_u/pe6/Rpipe_reg[0]/SI (SDFFX1_LVT)                   0.00       0.08 f
  data arrival time                                                  0.08

  clock ideal_clock1 (rise edge)                          2.00       2.00
  clock network delay (ideal)                             0.00       2.00
  pe_u/pe6/Rpipe_reg[0]/CLK (SDFFX1_LVT)                             2.00 r
  library setup time                                     -0.05       1.95
  data required time                                                 1.95
  ------------------------------------------------------------------------------
  data required time                                                 1.95
  data arrival time                                                 -0.08
  ------------------------------------------------------------------------------
  slack (MET)                                                        1.87


  Startpoint: pe_u/pe1/Accumulate_reg[7]
               (rising edge-triggered flip-flop clocked by ideal_clock1)
  Endpoint: pe_u/pe1/Rpipe_reg[0]
               (rising edge-triggered flip-flop clocked by ideal_clock1)
  Path Group: ideal_clock1
  Path Type: max

  Point                                                   Incr       Path
  ------------------------------------------------------------------------------
  clock ideal_clock1 (rise edge)                          0.00       0.00
  clock network delay (ideal)                             0.00       0.00
  pe_u/pe1/Accumulate_reg[7]/CLK (SDFFX1_LVT)             0.00       0.00 r
  pe_u/pe1/Accumulate_reg[7]/Q (SDFFX1_LVT)               0.08       0.08 f
  pe_u/pe1/Rpipe_reg[0]/SI (SDFFX1_LVT)                   0.00       0.08 f
  data arrival time                                                  0.08

  clock ideal_clock1 (rise edge)                          2.00       2.00
  clock network delay (ideal)                             0.00       2.00
  pe_u/pe1/Rpipe_reg[0]/CLK (SDFFX1_LVT)                             2.00 r
  library setup time                                     -0.05       1.95
  data required time                                                 1.95
  ------------------------------------------------------------------------------
  data required time                                                 1.95
  data arrival time                                                 -0.08
  ------------------------------------------------------------------------------
  slack (MET)                                                        1.87


  Startpoint: pe_u/pe0/Accumulate_reg[4]
               (rising edge-triggered flip-flop clocked by ideal_clock1)
  Endpoint: pe_u/pe0/Accumulate_reg[5]
               (rising edge-triggered flip-flop clocked by ideal_clock1)
  Path Group: ideal_clock1
  Path Type: max

  Point                                                   Incr       Path
  ------------------------------------------------------------------------------
  clock ideal_clock1 (rise edge)                          0.00       0.00
  clock network delay (ideal)                             0.00       0.00
  pe_u/pe0/Accumulate_reg[4]/CLK (SDFFX1_LVT)             0.00       0.00 r
  pe_u/pe0/Accumulate_reg[4]/Q (SDFFX1_LVT)               0.08       0.08 f
  pe_u/pe0/Accumulate_reg[5]/SI (SDFFX1_LVT)              0.00       0.08 f
  data arrival time                                                  0.08

  clock ideal_clock1 (rise edge)                          2.00       2.00
  clock network delay (ideal)                             0.00       2.00
  pe_u/pe0/Accumulate_reg[5]/CLK (SDFFX1_LVT)                        2.00 r
  library setup time                                     -0.05       1.95
  data required time                                                 1.95
  ------------------------------------------------------------------------------
  data required time                                                 1.95
  data arrival time                                                 -0.08
  ------------------------------------------------------------------------------
  slack (MET)                                                        1.87


  Startpoint: pe_u/pe0/Accumulate_reg[7]
               (rising edge-triggered flip-flop clocked by ideal_clock1)
  Endpoint: pe_u/pe0/Rpipe_reg[0]
               (rising edge-triggered flip-flop clocked by ideal_clock1)
  Path Group: ideal_clock1
  Path Type: max

  Point                                                   Incr       Path
  ------------------------------------------------------------------------------
  clock ideal_clock1 (rise edge)                          0.00       0.00
  clock network delay (ideal)                             0.00       0.00
  pe_u/pe0/Accumulate_reg[7]/CLK (SDFFX1_LVT)             0.00       0.00 r
  pe_u/pe0/Accumulate_reg[7]/Q (SDFFX1_LVT)               0.08       0.08 f
  pe_u/pe0/Rpipe_reg[0]/SI (SDFFX1_LVT)                   0.00       0.08 f
  data arrival time                                                  0.08

  clock ideal_clock1 (rise edge)                          2.00       2.00
  clock network delay (ideal)                             0.00       2.00
  pe_u/pe0/Rpipe_reg[0]/CLK (SDFFX1_LVT)                             2.00 r
  library setup time                                     -0.05       1.95
  data required time                                                 1.95
  ------------------------------------------------------------------------------
  data required time                                                 1.95
  data arrival time                                                 -0.08
  ------------------------------------------------------------------------------
  slack (MET)                                                        1.87


  Startpoint: pe_u/pe2/Accumulate_reg[7]
               (rising edge-triggered flip-flop clocked by ideal_clock1)
  Endpoint: pe_u/pe2/Rpipe_reg[0]
               (rising edge-triggered flip-flop clocked by ideal_clock1)
  Path Group: ideal_clock1
  Path Type: max

  Point                                                   Incr       Path
  ------------------------------------------------------------------------------
  clock ideal_clock1 (rise edge)                          0.00       0.00
  clock network delay (ideal)                             0.00       0.00
  pe_u/pe2/Accumulate_reg[7]/CLK (SDFFX1_LVT)             0.00       0.00 r
  pe_u/pe2/Accumulate_reg[7]/Q (SDFFX1_LVT)               0.08       0.08 f
  pe_u/pe2/Rpipe_reg[0]/SI (SDFFX1_LVT)                   0.00       0.08 f
  data arrival time                                                  0.08

  clock ideal_clock1 (rise edge)                          2.00       2.00
  clock network delay (ideal)                             0.00       2.00
  pe_u/pe2/Rpipe_reg[0]/CLK (SDFFX1_LVT)                             2.00 r
  library setup time                                     -0.05       1.95
  data required time                                                 1.95
  ------------------------------------------------------------------------------
  data required time                                                 1.95
  data arrival time                                                 -0.08
  ------------------------------------------------------------------------------
  slack (MET)                                                        1.87


  Startpoint: pe_u/pe7/Accumulate_reg[6]
               (rising edge-triggered flip-flop clocked by ideal_clock1)
  Endpoint: pe_u/pe7/Accumulate_reg[7]
               (rising edge-triggered flip-flop clocked by ideal_clock1)
  Path Group: ideal_clock1
  Path Type: max

  Point                                                   Incr       Path
  ------------------------------------------------------------------------------
  clock ideal_clock1 (rise edge)                          0.00       0.00
  clock network delay (ideal)                             0.00       0.00
  pe_u/pe7/Accumulate_reg[6]/CLK (SDFFX1_LVT)             0.00       0.00 r
  pe_u/pe7/Accumulate_reg[6]/Q (SDFFX1_LVT)               0.08       0.08 f
  pe_u/pe7/Accumulate_reg[7]/SI (SDFFX1_LVT)              0.00       0.08 f
  data arrival time                                                  0.08

  clock ideal_clock1 (rise edge)                          2.00       2.00
  clock network delay (ideal)                             0.00       2.00
  pe_u/pe7/Accumulate_reg[7]/CLK (SDFFX1_LVT)                        2.00 r
  library setup time                                     -0.05       1.95
  data required time                                                 1.95
  ------------------------------------------------------------------------------
  data required time                                                 1.95
  data arrival time                                                 -0.08
  ------------------------------------------------------------------------------
  slack (MET)                                                        1.87


  Startpoint: pe_u/pe9/Accumulate_reg[4]
               (rising edge-triggered flip-flop clocked by ideal_clock1)
  Endpoint: pe_u/pe9/Accumulate_reg[5]
               (rising edge-triggered flip-flop clocked by ideal_clock1)
  Path Group: ideal_clock1
  Path Type: max

  Point                                                   Incr       Path
  ------------------------------------------------------------------------------
  clock ideal_clock1 (rise edge)                          0.00       0.00
  clock network delay (ideal)                             0.00       0.00
  pe_u/pe9/Accumulate_reg[4]/CLK (SDFFX1_LVT)             0.00       0.00 r
  pe_u/pe9/Accumulate_reg[4]/Q (SDFFX1_LVT)               0.08       0.08 f
  pe_u/pe9/Accumulate_reg[5]/SI (SDFFX1_LVT)              0.00       0.08 f
  data arrival time                                                  0.08

  clock ideal_clock1 (rise edge)                          2.00       2.00
  clock network delay (ideal)                             0.00       2.00
  pe_u/pe9/Accumulate_reg[5]/CLK (SDFFX1_LVT)                        2.00 r
  library setup time                                     -0.05       1.95
  data required time                                                 1.95
  ------------------------------------------------------------------------------
  data required time                                                 1.95
  data arrival time                                                 -0.08
  ------------------------------------------------------------------------------
  slack (MET)                                                        1.87


  Startpoint: pe_u/pe6/Accumulate_reg[6]
               (rising edge-triggered flip-flop clocked by ideal_clock1)
  Endpoint: pe_u/pe6/Accumulate_reg[7]
               (rising edge-triggered flip-flop clocked by ideal_clock1)
  Path Group: ideal_clock1
  Path Type: max

  Point                                                   Incr       Path
  ------------------------------------------------------------------------------
  clock ideal_clock1 (rise edge)                          0.00       0.00
  clock network delay (ideal)                             0.00       0.00
  pe_u/pe6/Accumulate_reg[6]/CLK (SDFFX1_LVT)             0.00       0.00 r
  pe_u/pe6/Accumulate_reg[6]/Q (SDFFX1_LVT)               0.08       0.08 f
  pe_u/pe6/Accumulate_reg[7]/SI (SDFFX1_LVT)              0.00       0.08 f
  data arrival time                                                  0.08

  clock ideal_clock1 (rise edge)                          2.00       2.00
  clock network delay (ideal)                             0.00       2.00
  pe_u/pe6/Accumulate_reg[7]/CLK (SDFFX1_LVT)                        2.00 r
  library setup time                                     -0.05       1.95
  data required time                                                 1.95
  ------------------------------------------------------------------------------
  data required time                                                 1.95
  data arrival time                                                 -0.08
  ------------------------------------------------------------------------------
  slack (MET)                                                        1.87


  Startpoint: pe_u/pe1/Accumulate_reg[6]
               (rising edge-triggered flip-flop clocked by ideal_clock1)
  Endpoint: pe_u/pe1/Accumulate_reg[7]
               (rising edge-triggered flip-flop clocked by ideal_clock1)
  Path Group: ideal_clock1
  Path Type: max

  Point                                                   Incr       Path
  ------------------------------------------------------------------------------
  clock ideal_clock1 (rise edge)                          0.00       0.00
  clock network delay (ideal)                             0.00       0.00
  pe_u/pe1/Accumulate_reg[6]/CLK (SDFFX1_LVT)             0.00       0.00 r
  pe_u/pe1/Accumulate_reg[6]/Q (SDFFX1_LVT)               0.08       0.08 f
  pe_u/pe1/Accumulate_reg[7]/SI (SDFFX1_LVT)              0.00       0.08 f
  data arrival time                                                  0.08

  clock ideal_clock1 (rise edge)                          2.00       2.00
  clock network delay (ideal)                             0.00       2.00
  pe_u/pe1/Accumulate_reg[7]/CLK (SDFFX1_LVT)                        2.00 r
  library setup time                                     -0.05       1.95
  data required time                                                 1.95
  ------------------------------------------------------------------------------
  data required time                                                 1.95
  data arrival time                                                 -0.08
  ------------------------------------------------------------------------------
  slack (MET)                                                        1.87


  Startpoint: pe_u/pe4/Accumulate_reg[5]
               (rising edge-triggered flip-flop clocked by ideal_clock1)
  Endpoint: pe_u/pe4/Accumulate_reg[6]
               (rising edge-triggered flip-flop clocked by ideal_clock1)
  Path Group: ideal_clock1
  Path Type: max

  Point                                                   Incr       Path
  ------------------------------------------------------------------------------
  clock ideal_clock1 (rise edge)                          0.00       0.00
  clock network delay (ideal)                             0.00       0.00
  pe_u/pe4/Accumulate_reg[5]/CLK (SDFFX1_LVT)             0.00       0.00 r
  pe_u/pe4/Accumulate_reg[5]/Q (SDFFX1_LVT)               0.08       0.08 f
  pe_u/pe4/Accumulate_reg[6]/SI (SDFFX1_LVT)              0.00       0.08 f
  data arrival time                                                  0.08

  clock ideal_clock1 (rise edge)                          2.00       2.00
  clock network delay (ideal)                             0.00       2.00
  pe_u/pe4/Accumulate_reg[6]/CLK (SDFFX1_LVT)                        2.00 r
  library setup time                                     -0.05       1.95
  data required time                                                 1.95
  ------------------------------------------------------------------------------
  data required time                                                 1.95
  data arrival time                                                 -0.08
  ------------------------------------------------------------------------------
  slack (MET)                                                        1.87


  Startpoint: pe_u/pe4/Accumulate_reg[6]
               (rising edge-triggered flip-flop clocked by ideal_clock1)
  Endpoint: pe_u/pe4/Accumulate_reg[7]
               (rising edge-triggered flip-flop clocked by ideal_clock1)
  Path Group: ideal_clock1
  Path Type: max

  Point                                                   Incr       Path
  ------------------------------------------------------------------------------
  clock ideal_clock1 (rise edge)                          0.00       0.00
  clock network delay (ideal)                             0.00       0.00
  pe_u/pe4/Accumulate_reg[6]/CLK (SDFFX1_LVT)             0.00       0.00 r
  pe_u/pe4/Accumulate_reg[6]/Q (SDFFX1_LVT)               0.08       0.08 f
  pe_u/pe4/Accumulate_reg[7]/SI (SDFFX1_LVT)              0.00       0.08 f
  data arrival time                                                  0.08

  clock ideal_clock1 (rise edge)                          2.00       2.00
  clock network delay (ideal)                             0.00       2.00
  pe_u/pe4/Accumulate_reg[7]/CLK (SDFFX1_LVT)                        2.00 r
  library setup time                                     -0.05       1.95
  data required time                                                 1.95
  ------------------------------------------------------------------------------
  data required time                                                 1.95
  data arrival time                                                 -0.08
  ------------------------------------------------------------------------------
  slack (MET)                                                        1.87


  Startpoint: pe_u/pe0/Accumulate_reg[3]
               (rising edge-triggered flip-flop clocked by ideal_clock1)
  Endpoint: pe_u/pe0/Accumulate_reg[4]
               (rising edge-triggered flip-flop clocked by ideal_clock1)
  Path Group: ideal_clock1
  Path Type: max

  Point                                                   Incr       Path
  ------------------------------------------------------------------------------
  clock ideal_clock1 (rise edge)                          0.00       0.00
  clock network delay (ideal)                             0.00       0.00
  pe_u/pe0/Accumulate_reg[3]/CLK (SDFFX1_LVT)             0.00       0.00 r
  pe_u/pe0/Accumulate_reg[3]/Q (SDFFX1_LVT)               0.08       0.08 f
  pe_u/pe0/Accumulate_reg[4]/SI (SDFFX1_LVT)              0.00       0.08 f
  data arrival time                                                  0.08

  clock ideal_clock1 (rise edge)                          2.00       2.00
  clock network delay (ideal)                             0.00       2.00
  pe_u/pe0/Accumulate_reg[4]/CLK (SDFFX1_LVT)                        2.00 r
  library setup time                                     -0.05       1.95
  data required time                                                 1.95
  ------------------------------------------------------------------------------
  data required time                                                 1.95
  data arrival time                                                 -0.08
  ------------------------------------------------------------------------------
  slack (MET)                                                        1.87


  Startpoint: pe_u/pe2/Accumulate_reg[6]
               (rising edge-triggered flip-flop clocked by ideal_clock1)
  Endpoint: pe_u/pe2/Accumulate_reg[7]
               (rising edge-triggered flip-flop clocked by ideal_clock1)
  Path Group: ideal_clock1
  Path Type: max

  Point                                                   Incr       Path
  ------------------------------------------------------------------------------
  clock ideal_clock1 (rise edge)                          0.00       0.00
  clock network delay (ideal)                             0.00       0.00
  pe_u/pe2/Accumulate_reg[6]/CLK (SDFFX1_LVT)             0.00       0.00 r
  pe_u/pe2/Accumulate_reg[6]/Q (SDFFX1_LVT)               0.08       0.08 f
  pe_u/pe2/Accumulate_reg[7]/SI (SDFFX1_LVT)              0.00       0.08 f
  data arrival time                                                  0.08

  clock ideal_clock1 (rise edge)                          2.00       2.00
  clock network delay (ideal)                             0.00       2.00
  pe_u/pe2/Accumulate_reg[7]/CLK (SDFFX1_LVT)                        2.00 r
  library setup time                                     -0.05       1.95
  data required time                                                 1.95
  ------------------------------------------------------------------------------
  data required time                                                 1.95
  data arrival time                                                 -0.08
  ------------------------------------------------------------------------------
  slack (MET)                                                        1.87


  Startpoint: pe_u/pe2/Accumulate_reg[5]
               (rising edge-triggered flip-flop clocked by ideal_clock1)
  Endpoint: pe_u/pe2/Accumulate_reg[6]
               (rising edge-triggered flip-flop clocked by ideal_clock1)
  Path Group: ideal_clock1
  Path Type: max

  Point                                                   Incr       Path
  ------------------------------------------------------------------------------
  clock ideal_clock1 (rise edge)                          0.00       0.00
  clock network delay (ideal)                             0.00       0.00
  pe_u/pe2/Accumulate_reg[5]/CLK (SDFFX1_LVT)             0.00       0.00 r
  pe_u/pe2/Accumulate_reg[5]/Q (SDFFX1_LVT)               0.08       0.08 f
  pe_u/pe2/Accumulate_reg[6]/SI (SDFFX1_LVT)              0.00       0.08 f
  data arrival time                                                  0.08

  clock ideal_clock1 (rise edge)                          2.00       2.00
  clock network delay (ideal)                             0.00       2.00
  pe_u/pe2/Accumulate_reg[6]/CLK (SDFFX1_LVT)                        2.00 r
  library setup time                                     -0.05       1.95
  data required time                                                 1.95
  ------------------------------------------------------------------------------
  data required time                                                 1.95
  data arrival time                                                 -0.08
  ------------------------------------------------------------------------------
  slack (MET)                                                        1.87


  Startpoint: pe_u/pe9/Accumulate_reg[3]
               (rising edge-triggered flip-flop clocked by ideal_clock1)
  Endpoint: pe_u/pe9/Accumulate_reg[4]
               (rising edge-triggered flip-flop clocked by ideal_clock1)
  Path Group: ideal_clock1
  Path Type: max

  Point                                                   Incr       Path
  ------------------------------------------------------------------------------
  clock ideal_clock1 (rise edge)                          0.00       0.00
  clock network delay (ideal)                             0.00       0.00
  pe_u/pe9/Accumulate_reg[3]/CLK (SDFFX1_LVT)             0.00       0.00 r
  pe_u/pe9/Accumulate_reg[3]/Q (SDFFX1_LVT)               0.08       0.08 f
  pe_u/pe9/Accumulate_reg[4]/SI (SDFFX1_LVT)              0.00       0.08 f
  data arrival time                                                  0.08

  clock ideal_clock1 (rise edge)                          2.00       2.00
  clock network delay (ideal)                             0.00       2.00
  pe_u/pe9/Accumulate_reg[4]/CLK (SDFFX1_LVT)                        2.00 r
  library setup time                                     -0.05       1.95
  data required time                                                 1.95
  ------------------------------------------------------------------------------
  data required time                                                 1.95
  data arrival time                                                 -0.08
  ------------------------------------------------------------------------------
  slack (MET)                                                        1.87


1
