 
****************************************
Report : cell
Design : MotionEstimator
Version: O-2018.06-SP4
Date   : Sun Dec 20 16:13:40 2020
****************************************

Attributes:
    b - black box (unknown)
    h - hierarchical
    n - noncombinational
    r - removable
    u - contains unmapped logic

Cell                      Reference       Library             Area  Attributes
--------------------------------------------------------------------------------
comp_u                    Comparator                      675.260619
                                                                    h, n
ctl_u                     control                         607.404169
                                                                    h, n
pe_u                      PEtotal                         7652.021757
                                                                    h, n
--------------------------------------------------------------------------------
Total 3 cells                                             8934.686545
1
